Active-HDL 13.0.375.8320 2024-12-07 13:18:34

Elaboration top modules:
VHDL Configuration            testbench_for_delay_examples


-------------------------------------------------------------------------------------------------------
Entity            | Architecture    | Library | Info | Compiler Version          | Compilation Options
-------------------------------------------------------------------------------------------------------
delay_examples_tb | TB_ARCHITECTURE | cadhw03 |      | 13.0.375.8320 (Windows64) | -O3
delay_examples    | Behavioral      | cadhw03 |      | 13.0.375.8320 (Windows64) | -O3
-------------------------------------------------------------------------------------------------------

-------------------------------------------------------------------------------------------------------
VHDL Configuration                  | Library | Info | Compiler Version          | Compilation Options
-------------------------------------------------------------------------------------------------------
testbench_for_delay_examples        | cadhw03 |      | 13.0.375.8320 (Windows64) | -O3
-------------------------------------------------------------------------------------------------------

-------------------------------------------------------------------------------------------------------
VHDL Package                        | Library | Info | Compiler Version          | Compilation Options
-------------------------------------------------------------------------------------------------------
standard                            | std     |      |                           | <unavailable>
TEXTIO                              | std     |      | 13.0.375.8320 (Windows64) |  -2019
std_logic_1164                      | ieee    |      | 13.0.375.8320 (Windows64) |  -2008
-------------------------------------------------------------------------------------------------------

-------------------------------------------------------------------------------------------------------
Library                             | Comment
-------------------------------------------------------------------------------------------------------
cadhw03                             | None
ieee                                | Standard IEEE packages library
std                                 | Standard VHDL library
-------------------------------------------------------------------------------------------------------
