Active-HDL 13.0.375.8320 2024-12-07 13:18:22

Elaboration top modules:
Architecture                  shift_register(shift_register)


-----------------------------------------------------------------------------------------------------------------
Entity         | Architecture   | Library               | Info | Compiler Version          | Compilation Options
-----------------------------------------------------------------------------------------------------------------
shift_register | shift_register | shift_register_64_bit |      | 13.0.375.8320 (Windows64) | -O3
-----------------------------------------------------------------------------------------------------------------

-----------------------------------------------------------------------------------------------------------------
VHDL Package                    | Library               | Info | Compiler Version          | Compilation Options
-----------------------------------------------------------------------------------------------------------------
standard                        | std                   |      |                           | <unavailable>
TEXTIO                          | std                   |      | 13.0.375.8320 (Windows64) |  -2019
std_logic_1164                  | ieee                  |      | 13.0.375.8320 (Windows64) |  -2008
-----------------------------------------------------------------------------------------------------------------

-----------------------------------------------------------------------------------------------------------------
Library                         | Comment
-----------------------------------------------------------------------------------------------------------------
ieee                            | Standard IEEE packages library
shift_register_64_bit           | None
std                             | Standard VHDL library
-----------------------------------------------------------------------------------------------------------------
