Active-HDL 13.0.375.8320 2024-12-12 22:54:49

Elaboration top modules:
VHDL Configuration            testbench_for_firewall


--------------------------------------------------------------------------------------------------
Entity      | Architecture    | Library  | Info | Compiler Version          | Compilation Options
--------------------------------------------------------------------------------------------------
firewall_tb | TB_ARCHITECTURE | firewall |      | 13.0.375.8320 (Windows64) | -O3
firewall    | firewall        | firewall |      | 13.0.375.8320 (Windows64) | -O3
--------------------------------------------------------------------------------------------------

--------------------------------------------------------------------------------------------------
VHDL Configuration            | Library  | Info | Compiler Version          | Compilation Options
--------------------------------------------------------------------------------------------------
testbench_for_firewall        | firewall |      | 13.0.375.8320 (Windows64) | -O3
--------------------------------------------------------------------------------------------------

--------------------------------------------------------------------------------------------------
VHDL Package                  | Library  | Info | Compiler Version          | Compilation Options
--------------------------------------------------------------------------------------------------
standard                      | std      |      |                           | <unavailable>
TEXTIO                        | std      |      | 13.0.375.8320 (Windows64) |  -2019
std_logic_1164                | ieee     |      | 13.0.375.8320 (Windows64) |  -2008
NUMERIC_STD                   | ieee     |      | 13.0.375.8320 (Windows64) |  -2008
--------------------------------------------------------------------------------------------------

--------------------------------------------------------------------------------------------------
Library                       | Comment
--------------------------------------------------------------------------------------------------
firewall                      | None
ieee                          | Standard IEEE packages library
std                           | Standard VHDL library
--------------------------------------------------------------------------------------------------


Simulation Options: asim +access +r TESTBENCH_FOR_firewall

