Active-HDL 13.0.375.8320 2024-11-13 12:26:45

Elaboration top modules:
VHDL Configuration            testbench_for_arithmetic_module


-------------------------------------------------------------------------------------------------------------------------
Entity               | Architecture    | Library                | Info | Compiler Version          | Compilation Options
-------------------------------------------------------------------------------------------------------------------------
arithmetic_module_tb | TB_ARCHITECTURE | sixteen_bit_arithmetic |      | 13.0.375.8320 (Windows64) | -O3
arithmetic_module    | Behavioral      | sixteen_bit_arithmetic |      | 13.0.375.8320 (Windows64) | -O3
-------------------------------------------------------------------------------------------------------------------------

-------------------------------------------------------------------------------------------------------------------------
VHDL Configuration                     | Library                | Info | Compiler Version          | Compilation Options
-------------------------------------------------------------------------------------------------------------------------
testbench_for_arithmetic_module        | sixteen_bit_arithmetic |      | 13.0.375.8320 (Windows64) | -O3
-------------------------------------------------------------------------------------------------------------------------

-------------------------------------------------------------------------------------------------------------------------
VHDL Package                           | Library                | Info | Compiler Version          | Compilation Options
-------------------------------------------------------------------------------------------------------------------------
standard                               | std                    |      |                           | <unavailable>
TEXTIO                                 | std                    |      | 13.0.375.8320 (Windows64) |  -2019
std_logic_1164                         | ieee                   |      | 13.0.375.8320 (Windows64) |  -2008
NUMERIC_STD                            | ieee                   |      | 13.0.375.8320 (Windows64) |  -2008
-------------------------------------------------------------------------------------------------------------------------

-------------------------------------------------------------------------------------------------------------------------
Library                                | Comment
-------------------------------------------------------------------------------------------------------------------------
ieee                                   | Standard IEEE packages library
sixteen_bit_arithmetic                 | None
std                                    | Standard VHDL library
-------------------------------------------------------------------------------------------------------------------------
