Active-HDL 13.0.375.8320 2024-11-13 00:46:29

Elaboration top modules:
VHDL Configuration            testbench_for_circuit_with_xor_and


-------------------------------------------------------------------------------------------------------------
Entity                  | Architecture    | Library | Info | Compiler Version          | Compilation Options
-------------------------------------------------------------------------------------------------------------
circuit_with_xor_and_tb | TB_ARCHITECTURE | decoder |      | 13.0.375.8320 (Windows64) | -O3
circuit_with_xor_and    | Behavioral      | decoder |      | 13.0.375.8320 (Windows64) | -O3
decoder3to8             | Behavioral      | decoder |      | 13.0.375.8320 (Windows64) | -O3
-------------------------------------------------------------------------------------------------------------

-------------------------------------------------------------------------------------------------------------
VHDL Configuration                        | Library | Info | Compiler Version          | Compilation Options
-------------------------------------------------------------------------------------------------------------
testbench_for_circuit_with_xor_and        | decoder |      | 13.0.375.8320 (Windows64) | -O3
-------------------------------------------------------------------------------------------------------------

-------------------------------------------------------------------------------------------------------------
VHDL Package                              | Library | Info | Compiler Version          | Compilation Options
-------------------------------------------------------------------------------------------------------------
standard                                  | std     |      |                           | <unavailable>
TEXTIO                                    | std     |      | 13.0.375.8320 (Windows64) |  -2019
std_logic_1164                            | ieee    |      | 13.0.375.8320 (Windows64) |  -2008
NUMERIC_STD                               | ieee    |      | 13.0.375.8320 (Windows64) |  -2008
-------------------------------------------------------------------------------------------------------------

-------------------------------------------------------------------------------------------------------------
Library                                   | Comment
-------------------------------------------------------------------------------------------------------------
decoder                                   | None
ieee                                      | Standard IEEE packages library
std                                       | Standard VHDL library
-------------------------------------------------------------------------------------------------------------
