Active-HDL 13.0.375.8320 2024-12-06 22:26:03

Elaboration top modules:
VHDL Configuration            testbench_for_serial_to_parallel


-------------------------------------------------------------------------------------------------------------------------
Entity                | Architecture       | Library            | Info | Compiler Version          | Compilation Options
-------------------------------------------------------------------------------------------------------------------------
serial_to_parallel_tb | TB_ARCHITECTURE    | serial_to_parallel |      | 13.0.375.8320 (Windows64) | -O3
serial_to_parallel    | serial_to_parallel | serial_to_parallel |      | 13.0.375.8320 (Windows64) | -O3
-------------------------------------------------------------------------------------------------------------------------

-------------------------------------------------------------------------------------------------------------------------
VHDL Configuration                         | Library            | Info | Compiler Version          | Compilation Options
-------------------------------------------------------------------------------------------------------------------------
testbench_for_serial_to_parallel           | serial_to_parallel |      | 13.0.375.8320 (Windows64) | -O3
-------------------------------------------------------------------------------------------------------------------------

-------------------------------------------------------------------------------------------------------------------------
VHDL Package                               | Library            | Info | Compiler Version          | Compilation Options
-------------------------------------------------------------------------------------------------------------------------
standard                                   | std                |      |                           | <unavailable>
TEXTIO                                     | std                |      | 13.0.375.8320 (Windows64) |  -2019
std_logic_1164                             | ieee               |      | 13.0.375.8320 (Windows64) |  -2008
NUMERIC_STD                                | ieee               |      | 13.0.375.8320 (Windows64) |  -2008
-------------------------------------------------------------------------------------------------------------------------

-------------------------------------------------------------------------------------------------------------------------
Library                                    | Comment
-------------------------------------------------------------------------------------------------------------------------
ieee                                       | Standard IEEE packages library
serial_to_parallel                         | None
std                                        | Standard VHDL library
-------------------------------------------------------------------------------------------------------------------------
