Active-HDL 13.0.375.8320 2024-12-10 00:52:17

Elaboration top modules:
VHDL Configuration            testbench_for_sequence_generator


-------------------------------------------------------------------------------------------------------------------------
Entity                | Architecture       | Library            | Info | Compiler Version          | Compilation Options
-------------------------------------------------------------------------------------------------------------------------
sequence_generator_tb | TB_ARCHITECTURE    | sequence_generator |      | 13.0.375.8320 (Windows64) | -O3
sequence_generator    | sequence_generator | sequence_generator |      | 13.0.375.8320 (Windows64) | -O3
-------------------------------------------------------------------------------------------------------------------------

-------------------------------------------------------------------------------------------------------------------------
VHDL Configuration                         | Library            | Info | Compiler Version          | Compilation Options
-------------------------------------------------------------------------------------------------------------------------
testbench_for_sequence_generator           | sequence_generator |      | 13.0.375.8320 (Windows64) | -O3
-------------------------------------------------------------------------------------------------------------------------

-------------------------------------------------------------------------------------------------------------------------
VHDL Package                               | Library            | Info | Compiler Version          | Compilation Options
-------------------------------------------------------------------------------------------------------------------------
standard                                   | std                |      |                           | <unavailable>
TEXTIO                                     | std                |      | 13.0.375.8320 (Windows64) |  -2019
std_logic_1164                             | ieee               |      | 13.0.375.8320 (Windows64) |  -2008
NUMERIC_STD                                | ieee               |      | 13.0.375.8320 (Windows64) |  -2008
-------------------------------------------------------------------------------------------------------------------------

-------------------------------------------------------------------------------------------------------------------------
Library                                    | Comment
-------------------------------------------------------------------------------------------------------------------------
ieee                                       | Standard IEEE packages library
sequence_generator                         | None
std                                        | Standard VHDL library
-------------------------------------------------------------------------------------------------------------------------
