Active-HDL 13.0.375.8320 2024-11-29 21:33:34

Elaboration top modules:
VHDL Configuration            testbench_for_bcd_counter


--------------------------------------------------------------------------------------------------------
Entity         | Architecture    | Library     | Info | Compiler Version          | Compilation Options
--------------------------------------------------------------------------------------------------------
bcd_counter_tb | TB_ARCHITECTURE | BCD_counter |      | 13.0.375.8320 (Windows64) | -O3
BCD_Counter    | Behavioral      | BCD_counter |      | 13.0.375.8320 (Windows64) | -O3
--------------------------------------------------------------------------------------------------------

--------------------------------------------------------------------------------------------------------
VHDL Configuration               | Library     | Info | Compiler Version          | Compilation Options
--------------------------------------------------------------------------------------------------------
testbench_for_bcd_counter        | BCD_counter |      | 13.0.375.8320 (Windows64) | -O3
--------------------------------------------------------------------------------------------------------

--------------------------------------------------------------------------------------------------------
VHDL Package                     | Library     | Info | Compiler Version          | Compilation Options
--------------------------------------------------------------------------------------------------------
standard                         | std         |      |                           | <unavailable>
TEXTIO                           | std         |      | 13.0.375.8320 (Windows64) |  -2019
std_logic_1164                   | ieee        |      | 13.0.375.8320 (Windows64) |  -2008
std_logic_arith                  | ieee        |      | 13.0.375.8320 (Windows64) | <unavailable>
STD_LOGIC_UNSIGNED               | ieee        |      | 13.0.375.8320 (Windows64) | <unavailable>
--------------------------------------------------------------------------------------------------------

--------------------------------------------------------------------------------------------------------
Library                          | Comment
--------------------------------------------------------------------------------------------------------
BCD_counter                      | None
ieee                             | Standard IEEE packages library
std                              | Standard VHDL library
--------------------------------------------------------------------------------------------------------


Simulation Options: asim +access +r TESTBENCH_FOR_bcd_counter

