--------------------------------------------------------------------------------
Release 14.7 Trace  (nt64)
Copyright (c) 1995-2013 Xilinx, Inc.  All rights reserved.

C:\Xilinx\14.7\ISE_DS\ISE\bin\nt64\unwrapped\trce.exe -filter
C:/Documents and Settings/Administrator/Desktop/MazeGame/iseconfig/filter.filter
-intstyle ise -v 3 -s 2 -n 3 -fastpaths -xml game.twx game.ncd -o game.twr
game.pcf -ucf UCF.ucf

Design file:              game.ncd
Physical constraint file: game.pcf
Device,package,speed:     xc6slx9,tqg144,C,-2 (PRODUCTION 1.23 2013-10-13)
Report level:             verbose report

Environment Variable      Effect 
--------------------      ------ 
NONE                      No environment variables were set
--------------------------------------------------------------------------------

INFO:Timing:2698 - No timing constraints found, doing default enumeration.
INFO:Timing:3412 - To improve timing, see the Timing Closure User Guide (UG612).
INFO:Timing:2752 - To get complete path coverage, use the unconstrained paths 
   option. All paths that are not constrained will be reported in the 
   unconstrained paths section(s) of the report.
INFO:Timing:3339 - The clock-to-out numbers in this timing report are based on 
   a 50 Ohm transmission line loading model.  For the details of this model, 
   and for more information on accounting for different loading conditions, 
   please see the device datasheet.



Data Sheet report:
-----------------
All values displayed in nanoseconds (ns)

Setup/Hold to clock CLOCK_24
------------+------------+------------+------------+------------+------------------+--------+
            |Max Setup to|  Process   |Max Hold to |  Process   |                  | Clock  |
Source      | clk (edge) |   Corner   | clk (edge) |   Corner   |Internal Clock(s) | Phase  |
------------+------------+------------+------------+------------+------------------+--------+
Key<0>      |    7.513(R)|      SLOW  |   -0.569(R)|      FAST  |CLOCK_24_BUFGP    |   0.000|
Key<1>      |    7.750(R)|      SLOW  |   -1.216(R)|      FAST  |CLOCK_24_BUFGP    |   0.000|
Key<2>      |    7.918(R)|      SLOW  |   -1.137(R)|      FAST  |CLOCK_24_BUFGP    |   0.000|
Key<3>      |    7.846(R)|      SLOW  |   -1.049(R)|      FAST  |CLOCK_24_BUFGP    |   0.000|
------------+------------+------------+------------+------------+------------------+--------+

Clock CLOCK_24 to Pad
----------------+-----------------+------------+-----------------+------------+------------------+--------+
                |Max (slowest) clk|  Process   |Min (fastest) clk|  Process   |                  | Clock  |
Destination     |  (edge) to PAD  |   Corner   |  (edge) to PAD  |   Corner   |Internal Clock(s) | Phase  |
----------------+-----------------+------------+-----------------+------------+------------------+--------+
LED<0>          |        13.747(R)|      SLOW  |         5.984(R)|      FAST  |CLOCK_24_BUFGP    |   0.000|
LED<1>          |        14.079(R)|      SLOW  |         6.705(R)|      FAST  |CLOCK_24_BUFGP    |   0.000|
LED<2>          |        13.802(R)|      SLOW  |         5.467(R)|      FAST  |CLOCK_24_BUFGP    |   0.000|
LED<3>          |        13.625(R)|      SLOW  |         6.292(R)|      FAST  |CLOCK_24_BUFGP    |   0.000|
LED<4>          |        13.919(R)|      SLOW  |         6.147(R)|      FAST  |CLOCK_24_BUFGP    |   0.000|
VGA_B<0>        |        21.899(R)|      SLOW  |         4.782(R)|      FAST  |CLOCK_24_BUFGP    |   0.000|
VGA_B<1>        |        21.319(R)|      SLOW  |         4.475(R)|      FAST  |CLOCK_24_BUFGP    |   0.000|
VGA_G<0>        |        22.559(R)|      SLOW  |         4.512(R)|      FAST  |CLOCK_24_BUFGP    |   0.000|
VGA_G<1>        |        21.088(R)|      SLOW  |         4.992(R)|      FAST  |CLOCK_24_BUFGP    |   0.000|
VGA_HS          |         9.452(R)|      SLOW  |         3.422(R)|      FAST  |CLOCK_24_BUFGP    |   0.000|
VGA_R<0>        |        30.406(R)|      SLOW  |         4.398(R)|      FAST  |CLOCK_24_BUFGP    |   0.000|
VGA_R<1>        |        29.856(R)|      SLOW  |         4.106(R)|      FAST  |CLOCK_24_BUFGP    |   0.000|
VGA_VS          |        11.126(R)|      SLOW  |         3.866(R)|      FAST  |CLOCK_24_BUFGP    |   0.000|
outseg<0>       |         9.051(R)|      SLOW  |         3.756(R)|      FAST  |CLOCK_24_BUFGP    |   0.000|
outseg<1>       |         9.050(R)|      SLOW  |         3.716(R)|      FAST  |CLOCK_24_BUFGP    |   0.000|
outseg<2>       |         9.024(R)|      SLOW  |         3.631(R)|      FAST  |CLOCK_24_BUFGP    |   0.000|
outseg<3>       |         8.887(R)|      SLOW  |         3.522(R)|      FAST  |CLOCK_24_BUFGP    |   0.000|
sevensegments<0>|         9.333(R)|      SLOW  |         3.872(R)|      FAST  |CLOCK_24_BUFGP    |   0.000|
sevensegments<1>|         9.184(R)|      SLOW  |         3.738(R)|      FAST  |CLOCK_24_BUFGP    |   0.000|
sevensegments<2>|         9.166(R)|      SLOW  |         3.676(R)|      FAST  |CLOCK_24_BUFGP    |   0.000|
sevensegments<3>|         9.199(R)|      SLOW  |         3.745(R)|      FAST  |CLOCK_24_BUFGP    |   0.000|
sevensegments<4>|         9.034(R)|      SLOW  |         3.616(R)|      FAST  |CLOCK_24_BUFGP    |   0.000|
sevensegments<5>|         9.430(R)|      SLOW  |         3.873(R)|      FAST  |CLOCK_24_BUFGP    |   0.000|
sevensegments<6>|         9.281(R)|      SLOW  |         3.746(R)|      FAST  |CLOCK_24_BUFGP    |   0.000|
----------------+-----------------+------------+-----------------+------------+------------------+--------+

Clock RESET_N to Pad
------------+-----------------+------------+-----------------+------------+----------------------------------+--------+
            |Max (slowest) clk|  Process   |Min (fastest) clk|  Process   |                                  | Clock  |
Destination |  (edge) to PAD  |   Corner   |  (edge) to PAD  |   Corner   |Internal Clock(s)                 | Phase  |
------------+-----------------+------------+-----------------+------------+----------------------------------+--------+
VGA_B<0>    |        23.955(F)|      SLOW  |         9.940(F)|      FAST  |reset_signal_game_over_OR_6_o_BUFG|   0.000|
VGA_B<1>    |        23.375(F)|      SLOW  |         9.633(F)|      FAST  |reset_signal_game_over_OR_6_o_BUFG|   0.000|
VGA_G<0>    |        24.614(F)|      SLOW  |         9.593(F)|      FAST  |reset_signal_game_over_OR_6_o_BUFG|   0.000|
VGA_G<1>    |        24.267(F)|      SLOW  |         9.362(F)|      FAST  |reset_signal_game_over_OR_6_o_BUFG|   0.000|
VGA_R<0>    |        26.166(F)|      SLOW  |         9.863(F)|      FAST  |reset_signal_game_over_OR_6_o_BUFG|   0.000|
VGA_R<1>    |        25.616(F)|      SLOW  |         9.571(F)|      FAST  |reset_signal_game_over_OR_6_o_BUFG|   0.000|
------------+-----------------+------------+-----------------+------------+----------------------------------+--------+

Clock to Setup on destination clock CLOCK_24
---------------+---------+---------+---------+---------+
               | Src:Rise| Src:Fall| Src:Rise| Src:Fall|
Source Clock   |Dest:Rise|Dest:Rise|Dest:Fall|Dest:Fall|
---------------+---------+---------+---------+---------+
CLOCK_24       |   13.384|         |         |         |
RESET_N        |   13.113|   15.416|         |         |
---------------+---------+---------+---------+---------+

Clock to Setup on destination clock RESET_N
---------------+---------+---------+---------+---------+
               | Src:Rise| Src:Fall| Src:Rise| Src:Fall|
Source Clock   |Dest:Rise|Dest:Rise|Dest:Fall|Dest:Fall|
---------------+---------+---------+---------+---------+
CLOCK_24       |         |         |    3.905|         |
---------------+---------+---------+---------+---------+


Analysis completed Mon Jan 27 10:56:23 2025 
--------------------------------------------------------------------------------

Trace Settings:
-------------------------
Trace Settings 

Peak Memory Usage: 268 MB



