Release 14.7 - xst P.20131013 (nt64)
Copyright (c) 1995-2013 Xilinx, Inc.  All rights reserved.
--> Parameter TMPDIR set to xst/projnav.tmp


Total REAL time to Xst completion: 0.00 secs
Total CPU time to Xst completion: 0.06 secs
 
--> Parameter xsthdpdir set to xst


Total REAL time to Xst completion: 0.00 secs
Total CPU time to Xst completion: 0.06 secs
 
--> Reading design: vga_top.prj

TABLE OF CONTENTS
  1) Synthesis Options Summary
  2) HDL Parsing
  3) HDL Elaboration
  4) HDL Synthesis
       4.1) HDL Synthesis Report
  5) Advanced HDL Synthesis
       5.1) Advanced HDL Synthesis Report
  6) Low Level Synthesis
  7) Partition Report
  8) Design Summary
       8.1) Primitive and Black Box Usage
       8.2) Device utilization summary
       8.3) Partition Resource Summary
       8.4) Timing Report
            8.4.1) Clock Information
            8.4.2) Asynchronous Control Signals Information
            8.4.3) Timing Summary
            8.4.4) Timing Details
            8.4.5) Cross Clock Domains Report


=========================================================================
*                      Synthesis Options Summary                        *
=========================================================================
---- Source Parameters
Input File Name                    : "vga_top.prj"
Ignore Synthesis Constraint File   : NO

---- Target Parameters
Output File Name                   : "vga_top"
Output Format                      : NGC
Target Device                      : xc6slx9-2-tqg144

---- Source Options
Top Module Name                    : vga_top
Automatic FSM Extraction           : YES
FSM Encoding Algorithm             : Auto
Safe Implementation                : No
FSM Style                          : LUT
RAM Extraction                     : Yes
RAM Style                          : Auto
ROM Extraction                     : Yes
Shift Register Extraction          : YES
ROM Style                          : Auto
Resource Sharing                   : YES
Asynchronous To Synchronous        : NO
Shift Register Minimum Size        : 2
Use DSP Block                      : Auto
Automatic Register Balancing       : No

---- Target Options
LUT Combining                      : Auto
Reduce Control Sets                : Auto
Add IO Buffers                     : YES
Global Maximum Fanout              : 100000
Add Generic Clock Buffer(BUFG)     : 16
Register Duplication               : YES
Optimize Instantiated Primitives   : NO
Use Clock Enable                   : Auto
Use Synchronous Set                : Auto
Use Synchronous Reset              : Auto
Pack IO Registers into IOBs        : Auto
Equivalent register Removal        : YES

---- General Options
Optimization Goal                  : Speed
Optimization Effort                : 1
Power Reduction                    : NO
Keep Hierarchy                     : No
Netlist Hierarchy                  : As_Optimized
RTL Output                         : Yes
Global Optimization                : AllClockNets
Read Cores                         : YES
Write Timing Constraints           : NO
Cross Clock Analysis               : NO
Hierarchy Separator                : /
Bus Delimiter                      : <>
Case Specifier                     : Maintain
Slice Utilization Ratio            : 100
BRAM Utilization Ratio             : 100
DSP48 Utilization Ratio            : 100
Auto BRAM Packing                  : NO
Slice Utilization Ratio Delta      : 5

=========================================================================


=========================================================================
*                          HDL Parsing                                  *
=========================================================================
Parsing VHDL file "C:\Documents and Settings\Administrator\Desktop\MazeGame\game.vhd" into library work
Parsing entity <game>.
ERROR:HDLCompiler:806 - "C:\Documents and Settings\Administrator\Desktop\MazeGame\game.vhd" Line 23: Syntax error near "Behavioral".
ERROR:HDLCompiler:1001 - "C:\Documents and Settings\Administrator\Desktop\MazeGame\game.vhd" Line 53: signal assignments not allowed in entity statement part
ERROR:HDLCompiler:69 - "C:\Documents and Settings\Administrator\Desktop\MazeGame\game.vhd" Line 56: <vga> is not declared.
ERROR:HDLCompiler:1001 - "C:\Documents and Settings\Administrator\Desktop\MazeGame\game.vhd" Line 70: signal assignments not allowed in entity statement part
ERROR:HDLCompiler:1001 - "C:\Documents and Settings\Administrator\Desktop\MazeGame\game.vhd" Line 71: signal assignments not allowed in entity statement part
ERROR:HDLCompiler:1001 - "C:\Documents and Settings\Administrator\Desktop\MazeGame\game.vhd" Line 72: signal assignments not allowed in entity statement part
ERROR:HDLCompiler:1001 - "C:\Documents and Settings\Administrator\Desktop\MazeGame\game.vhd" Line 73: signal assignments not allowed in entity statement part
ERROR:HDLCompiler:1001 - "C:\Documents and Settings\Administrator\Desktop\MazeGame\game.vhd" Line 76: signal assignments not allowed in entity statement part
ERROR:HDLCompiler:1282 - "C:\Documents and Settings\Administrator\Desktop\MazeGame\game.vhd" Line 88: Signal assignments not allowed in entity statement part
ERROR:HDLCompiler:1282 - "C:\Documents and Settings\Administrator\Desktop\MazeGame\game.vhd" Line 91: Signal assignments not allowed in entity statement part
ERROR:HDLCompiler:1001 - "C:\Documents and Settings\Administrator\Desktop\MazeGame\game.vhd" Line 96: signal assignments not allowed in entity statement part
ERROR:HDLCompiler:1001 - "C:\Documents and Settings\Administrator\Desktop\MazeGame\game.vhd" Line 97: signal assignments not allowed in entity statement part
ERROR:HDLCompiler:580 - "C:\Documents and Settings\Administrator\Desktop\MazeGame\game.vhd" Line 99: Mismatch on label ; expected game
ERROR:HDLCompiler:854 - "C:\Documents and Settings\Administrator\Desktop\MazeGame\game.vhd" Line 6: Unit <game> ignored due to previous errors.
VHDL file C:\Documents and Settings\Administrator\Desktop\MazeGame\game.vhd ignored due to errors
--> 

Total memory usage is 188536 kilobytes

Number of errors   :   14 (   0 filtered)
Number of warnings :    0 (   0 filtered)
Number of infos    :    0 (   0 filtered)

